[2025-07-08 15:48:28,609] INFO workflows.workflows: Starting workflow: fetch and classify repository
[2025-07-08 15:48:28,610] INFO tasks.tasks: Fetching repository
[2025-07-08 15:48:29,268] INFO utils.mcp_tools_helper: Tool call 'fetch_repository' succeeded.
[2025-07-08 15:48:29,268] INFO tasks.tasks: classify_repository
[2025-07-08 15:48:29,351] ERROR utils.mcp_tools_helper: Tool call 'classify_repository' failed: Error calling tool 'classify_repository': 1 validation error for call[classify_repository]
repository_name
  Input should be a valid string [type=string_type, input_value=[{'type': 'text', 'text': 'DOGECICS'}], input_type=list]
    For further information visit https://errors.pydantic.dev/2.11/v/string_type
[2025-07-08 15:48:29,351] ERROR tasks.tasks: Error: Error calling tool 'classify_repository': 1 validation error for call[classify_repository]
repository_name
  Input should be a valid string [type=string_type, input_value=[{'type': 'text', 'text': 'DOGECICS'}], input_type=list]
    For further information visit https://errors.pydantic.dev/2.11/v/string_type
[2025-07-08 15:50:13,319] INFO workflows.workflows: Starting workflow: fetch and classify repository
[2025-07-08 15:50:13,319] INFO tasks.tasks: Fetching repository
[2025-07-08 15:50:13,683] INFO utils.mcp_tools_helper: Tool call 'fetch_repository' succeeded.
[2025-07-08 15:50:13,683] INFO tasks.tasks: classify_repository
[2025-07-08 15:50:13,727] ERROR utils.mcp_tools_helper: Tool call 'classify_repository' failed: Error calling tool 'classify_repository': 1 validation error for call[classify_repository]
repository_name
  Input should be a valid string [type=string_type, input_value=[{'type': 'text', 'text': 'DOGECICS'}], input_type=list]
    For further information visit https://errors.pydantic.dev/2.11/v/string_type
[2025-07-08 15:50:13,727] ERROR tasks.tasks: Error: Error calling tool 'classify_repository': 1 validation error for call[classify_repository]
repository_name
  Input should be a valid string [type=string_type, input_value=[{'type': 'text', 'text': 'DOGECICS'}], input_type=list]
    For further information visit https://errors.pydantic.dev/2.11/v/string_type
[2025-07-08 15:51:53,856] INFO workflows.workflows: Starting workflow: fetch and classify repository
[2025-07-08 15:51:53,856] INFO tasks.tasks: Fetching repository
[2025-07-08 15:51:54,194] INFO utils.mcp_tools_helper: Tool call 'fetch_repository' succeeded.
[2025-07-08 15:51:54,195] INFO tasks.tasks: classify_repository
[2025-07-08 15:51:54,621] ERROR utils.mcp_tools_helper: Tool call 'classify_repository' failed: Error calling tool 'classify_repository': {code: Neo.ClientError.Statement.ParameterMissing} {message: Expected parameter(s): analysis}
[2025-07-08 15:51:54,622] ERROR tasks.tasks: Error: Error calling tool 'classify_repository': {code: Neo.ClientError.Statement.ParameterMissing} {message: Expected parameter(s): analysis}
[2025-07-08 15:52:19,842] INFO workflows.workflows: Starting workflow: fetch and classify repository
[2025-07-08 15:52:19,842] INFO tasks.tasks: Fetching repository
[2025-07-08 15:52:20,437] INFO utils.mcp_tools_helper: Tool call 'fetch_repository' succeeded.
[2025-07-08 15:52:20,437] INFO tasks.tasks: classify_repository
[2025-07-08 15:52:20,887] ERROR utils.mcp_tools_helper: Tool call 'classify_repository' failed: Error calling tool 'classify_repository': {code: Neo.ClientError.Statement.ParameterMissing} {message: Expected parameter(s): analysis}
[2025-07-08 15:52:20,887] ERROR tasks.tasks: Error: Error calling tool 'classify_repository': {code: Neo.ClientError.Statement.ParameterMissing} {message: Expected parameter(s): analysis}
[2025-07-08 15:54:33,012] INFO workflows.workflows: Starting workflow: fetch and classify repository
[2025-07-08 15:54:33,012] INFO tasks.tasks: Fetching repository
[2025-07-08 15:54:33,150] ERROR utils.mcp_tools_helper: Tool call 'fetch_repository' failed: Error calling tool 'fetch_repository': Command '['git', 'clone', 'classify_repository', 'workspace\\classify_repository']' returned non-zero exit status 128.
[2025-07-08 15:54:33,150] ERROR tasks.tasks: Error: Error calling tool 'fetch_repository': Command '['git', 'clone', 'classify_repository', 'workspace\\classify_repository']' returned non-zero exit status 128.
[2025-07-08 15:54:33,151] ERROR workflows.workflows: Failed to fetch repository.
[2025-07-08 15:55:00,578] INFO workflows.workflows: Starting workflow: fetch and classify repository
[2025-07-08 15:55:00,578] INFO tasks.tasks: Fetching repository
[2025-07-08 15:55:01,210] INFO utils.mcp_tools_helper: Tool call 'fetch_repository' succeeded.
[2025-07-08 15:55:01,211] INFO tasks.tasks: classify_repository
[2025-07-08 15:55:01,630] ERROR utils.mcp_tools_helper: Tool call 'classify_repository' failed: Error calling tool 'classify_repository': {code: Neo.ClientError.Statement.ParameterMissing} {message: Expected parameter(s): analysis}
[2025-07-08 15:55:01,630] ERROR tasks.tasks: Error: Error calling tool 'classify_repository': {code: Neo.ClientError.Statement.ParameterMissing} {message: Expected parameter(s): analysis}
[2025-07-08 15:56:25,387] INFO workflows.workflows: Starting workflow: fetch and classify repository
[2025-07-08 15:56:25,387] INFO tasks.tasks: Fetching repository
[2025-07-08 15:56:25,995] INFO utils.mcp_tools_helper: Tool call 'fetch_repository' succeeded.
[2025-07-08 15:56:25,995] INFO tasks.tasks: classify_repository
[2025-07-08 15:56:26,393] ERROR utils.mcp_tools_helper: Tool call 'classify_repository' failed: Error calling tool 'classify_repository': {code: Neo.ClientError.Statement.ParameterMissing} {message: Expected parameter(s): analysis}
[2025-07-08 15:56:26,393] ERROR tasks.tasks: Error: Error calling tool 'classify_repository': {code: Neo.ClientError.Statement.ParameterMissing} {message: Expected parameter(s): analysis}
[2025-07-08 15:58:43,462] INFO workflows.workflows: Starting workflow: fetch and classify repository
[2025-07-08 15:58:43,463] INFO tasks.tasks: Fetching repository
[2025-07-08 15:58:44,132] INFO utils.mcp_tools_helper: Tool call 'fetch_repository' succeeded.
[2025-07-08 15:58:44,132] INFO tasks.tasks: classify_repository
[2025-07-08 16:04:44,896] INFO workflows.workflows: Starting workflow: fetch and classify repository
[2025-07-08 16:04:44,897] INFO tasks.tasks: Fetching repository
[2025-07-08 16:04:45,526] INFO utils.mcp_tools_helper: Tool call 'fetch_repository' succeeded.
[2025-07-08 16:04:45,526] INFO tasks.tasks: classify_repository
[2025-07-08 16:13:00,990] INFO workflows.workflows: Starting workflow: fetch and classify repository
[2025-07-08 16:13:00,990] INFO tasks.tasks: Fetching repository
[2025-07-08 16:13:01,663] INFO utils.mcp_tools_helper: Tool call 'fetch_repository' succeeded.
[2025-07-08 16:13:01,663] INFO tasks.tasks: classify_repository
[2025-07-08 17:36:40,385] INFO utils.mcp_tools_helper: Tool call 'classify_repository' succeeded.
[2025-07-08 17:36:40,386] INFO tasks.tasks: [TextContent(type='text', text='DOGECICS', annotations=None)]
